[0327/222654.220:ERROR:process_memory_win.cc(73)] ReadMemory at 0x7ff76b830000 of 64 bytes failed: Only part of a ReadProcessMemory or WriteProcessMemory request was completed. (0x12B)
[0327/222654.508:WARNING:pe_image_reader.cc(340)] could not read dos header from C:\Program Files (x86)\Google\Chrome\Application\chrome.exe
[0327/222654.508:ERROR:process_memory_win.cc(73)] ReadMemory at 0x7ff9e1400000 of 64 bytes failed: Only part of a ReadProcessMemory or WriteProcessMemory request was completed. (0x12B)
[0327/222654.508:WARNING:pe_image_reader.cc(340)] could not read dos header from C:\WINDOWS\SYSTEM32\ntdll.dll
[0327/222654.508:ERROR:process_memory_win.cc(73)] ReadMemory at 0x7ff9df770000 of 64 bytes failed: Only part of a ReadProcessMemory or WriteProcessMemory request was completed. (0x12B)
[0327/222654.548:WARNING:pe_image_reader.cc(340)] could not read dos header from C:\WINDOWS\System32\KERNEL32.DLL
[0327/222654.548:ERROR:process_memory_win.cc(73)] ReadMemory at 0x7ff9de490000 of 64 bytes failed: Only part of a ReadProcessMemory or WriteProcessMemory request was completed. (0x12B)
[0327/222654.548:WARNING:pe_image_reader.cc(340)] could not read dos header from C:\WINDOWS\System32\KERNELBASE.dll
[0327/222654.548:ERROR:process_memory_win.cc(73)] ReadMemory at 0x7ff9b67a0000 of 64 bytes failed: Only part of a ReadProcessMemory or WriteProcessMemory request was completed. (0x12B)
[0327/222654.548:WARNING:pe_image_reader.cc(340)] could not read dos header from C:\Program Files (x86)\Google\Chrome\Application\80.0.3987.149\chrome_elf.dll
[0327/222654.548:ERROR:process_memory_win.cc(73)] ReadMemory at 0x7ff9d8c40000 of 64 bytes failed: Only part of a ReadProcessMemory or WriteProcessMemory request was completed. (0x12B)
[0327/222654.548:WARNING:pe_image_reader.cc(340)] could not read dos header from C:\WINDOWS\SYSTEM32\VERSION.dll
[0327/222654.552:ERROR:process_memory_win.cc(73)] ReadMemory at 0x7ff9df4b0000 of 64 bytes failed: Only part of a ReadProcessMemory or WriteProcessMemory request was completed. (0x12B)
[0327/222654.552:WARNING:pe_image_reader.cc(340)] could not read dos header from C:\WINDOWS\System32\msvcrt.dll
[0327/222654.552:ERROR:process_memory_win.cc(73)] ReadMemory at 0x7ff9de870000 of 64 bytes failed: Only part of a ReadProcessMemory or WriteProcessMemory request was completed. (0x12B)
[0327/222654.552:WARNING:pe_image_reader.cc(340)] could not read dos header from C:\WINDOWS\System32\bcryptPrimitives.dll
[0327/222654.552:ERROR:process_memory_win.cc(73)] ReadMemory at 0x7ff9e0b40000 of 64 bytes failed: Only part of a ReadProcessMemory or WriteProcessMemory request was completed. (0x12B)
[0327/222654.552:WARNING:pe_image_reader.cc(340)] could not read dos header from C:\WINDOWS\System32\ADVAPI32.dll
[0327/222654.552:ERROR:process_memory_win.cc(73)] ReadMemory at 0x7ff9e0580000 of 64 bytes failed: Only part of a ReadProcessMemory or WriteProcessMemory request was completed. (0x12B)
[0327/222654.552:WARNING:pe_image_reader.cc(340)] could not read dos header from C:\WINDOWS\System32\sechost.dll
[0327/222654.552:ERROR:process_memory_win.cc(73)] ReadMemory at 0x7ff9df550000 of 64 bytes failed: Only part of a ReadProcessMemory or WriteProcessMemory request was completed. (0x12B)
[0327/222654.552:WARNING:pe_image_reader.cc(340)] could not read dos header from C:\WINDOWS\System32\RPCRT4.dll
[0327/222654.552:ERROR:process_memory_win.cc(73)] ReadMemory at 0x7ff99dcf0000 of 64 bytes failed: Only part of a ReadProcessMemory or WriteProcessMemory request was completed. (0x12B)
[0327/222654.552:WARNING:pe_image_reader.cc(340)] could not read dos header from C:\Program Files (x86)\Google\Chrome\Application\80.0.3987.149\chrome.dll
[0327/222654.552:ERROR:process_memory_win.cc(73)] ReadMemory at 0x7ff9e1350000 of 64 bytes failed: Only part of a ReadProcessMemory or WriteProcessMemory request was completed. (0x12B)
[0327/222654.552:WARNING:pe_image_reader.cc(340)] could not read dos header from C:\WINDOWS\System32\WS2_32.dll
[0327/222654.552:ERROR:process_memory_win.cc(73)] ReadMemory at 0x7ff9e04b0000 of 64 bytes failed: Only part of a ReadProcessMemory or WriteProcessMemory request was completed. (0x12B)
[0327/222654.552:WARNING:pe_image_reader.cc(340)] could not read dos header from C:\WINDOWS\System32\OLEAUT32.dll
[0327/222654.552:ERROR:process_memory_win.cc(73)] ReadMemory at 0x7ff9de740000 of 64 bytes failed: Only part of a ReadProcessMemory or WriteProcessMemory request was completed. (0x12B)
[0327/222654.556:WARNING:pe_image_reader.cc(340)] could not read dos header from C:\WINDOWS\System32\msvcp_win.dll
[0327/222654.556:ERROR:process_memory_win.cc(73)] ReadMemory at 0x7ff9de390000 of 64 bytes failed: Only part of a ReadProcessMemory or WriteProcessMemory request was completed. (0x12B)
[0327/222654.556:WARNING:pe_image_reader.cc(340)] could not read dos header from C:\WINDOWS\System32\ucrtbase.dll
[0327/222654.556:ERROR:process_memory_win.cc(73)] ReadMemory at 0x7ff9dffc0000 of 64 bytes failed: Only part of a ReadProcessMemory or WriteProcessMemory request was completed. (0x12B)
[0327/222654.556:WARNING:pe_image_reader.cc(340)] could not read dos header from C:\WINDOWS\System32\combase.dll
[0327/222654.556:ERROR:process_memory_win.cc(73)] ReadMemory at 0x7ff9de810000 of 64 bytes failed: Only part of a ReadProcessMemory or WriteProcessMemory request was completed. (0x12B)
[0327/222654.556:WARNING:pe_image_reader.cc(340)] could not read dos header from C:\WINDOWS\System32\WINTRUST.dll
[0327/222654.556:ERROR:process_memory_win.cc(73)] ReadMemory at 0x7ff9de320000 of 64 bytes failed: Only part of a ReadProcessMemory or WriteProcessMemory request was completed. (0x12B)
[0327/222654.556:WARNING:pe_image_reader.cc(340)] could not read dos header from C:\WINDOWS\System32\MSASN1.dll
[0327/222654.556:ERROR:process_memory_win.cc(73)] ReadMemory at 0x7ff9df360000 of 64 bytes failed: Only part of a ReadProcessMemory or WriteProcessMemory request was completed. (0x12B)
[0327/222654.556:WARNING:pe_image_reader.cc(340)] could not read dos header from C:\WINDOWS\System32\CRYPT32.dll
[0327/222654.556:ERROR:process_memory_win.cc(73)] ReadMemory at 0x7ff9dd7e0000 of 64 bytes failed: Only part of a ReadProcessMemory or WriteProcessMemory request was completed. (0x12B)
[0327/222654.556:WARNING:pe_image_reader.cc(340)] could not read dos header from C:\WINDOWS\SYSTEM32\IPHLPAPI.DLL
[0327/222654.556:ERROR:process_memory_win.cc(73)] ReadMemory at 0x7ff9d75a0000 of 64 bytes failed: Only part of a ReadProcessMemory or WriteProcessMemory request was completed. (0x12B)
[0327/222654.556:WARNING:pe_image_reader.cc(340)] could not read dos header from C:\WINDOWS\SYSTEM32\WINMM.dll
[0327/222654.556:ERROR:process_memory_win.cc(73)] ReadMemory at 0x7ff9cf8f0000 of 64 bytes failed: Only part of a ReadProcessMemory or WriteProcessMemory request was completed. (0x12B)
[0327/222654.556:WARNING:pe_image_reader.cc(340)] could not read dos header from C:\WINDOWS\SYSTEM32\Secur32.dll
[0327/222654.556:ERROR:process_memory_win.cc(73)] ReadMemory at 0x7ff9de1e0000 of 64 bytes failed: Only part of a ReadProcessMemory or WriteProcessMemory request was completed. (0x12B)
[0327/222654.560:WARNING:pe_image_reader.cc(340)] could not read dos header from C:\WINDOWS\SYSTEM32\USERENV.dll
[0327/222654.560:ERROR:process_memory_win.cc(73)] ReadMemory at 0x7ff9de2f0000 of 64 bytes failed: Only part of a ReadProcessMemory or WriteProcessMemory request was completed. (0x12B)
[0327/222654.560:WARNING:pe_image_reader.cc(340)] could not read dos header from C:\WINDOWS\System32\profapi.dll
[0327/222654.560:ERROR:process_memory_win.cc(73)] ReadMemory at 0x7ff9ce950000 of 64 bytes failed: Only part of a ReadProcessMemory or WriteProcessMemory request was completed. (0x12B)
[0327/222654.560:WARNING:pe_image_reader.cc(340)] could not read dos header from C:\WINDOWS\SYSTEM32\UIAutomationCore.DLL
[0327/222654.560:ERROR:process_memory_win.cc(73)] ReadMemory at 0x7ff9cd430000 of 64 bytes failed: Only part of a ReadProcessMemory or WriteProcessMemory request was completed. (0x12B)
[0327/222654.560:WARNING:pe_image_reader.cc(340)] could not read dos header from C:\WINDOWS\SYSTEM32\DWrite.dll
[0327/222654.560:ERROR:process_memory_win.cc(73)] ReadMemory at 0x7ff9cf590000 of 64 bytes failed: Only part of a ReadProcessMemory or WriteProcessMemory request was completed. (0x12B)
[0327/222654.560:WARNING:pe_image_reader.cc(340)] could not read dos header from C:\WINDOWS\SYSTEM32\WINSPOOL.DRV
[0327/222654.560:ERROR:process_memory_win.cc(73)] ReadMemory at 0x7ff9de2d0000 of 64 bytes failed: Only part of a ReadProcessMemory or WriteProcessMemory request was completed. (0x12B)
[0327/222654.560:WARNING:pe_image_reader.cc(340)] could not read dos header from C:\WINDOWS\System32\kernel.appcore.dll
[0327/222654.560:ERROR:process_memory_win.cc(73)] ReadMemory at 0x7ff9de7e0000 of 64 bytes failed: Only part of a ReadProcessMemory or WriteProcessMemory request was completed. (0x12B)
[0327/222654.560:WARNING:pe_image_reader.cc(340)] could not read dos header from C:\WINDOWS\System32\bcrypt.dll
[0327/222654.560:ERROR:process_memory_win.cc(73)] ReadMemory at 0x7ff9d7370000 of 64 bytes failed: Only part of a ReadProcessMemory or WriteProcessMemory request was completed. (0x12B)
[0327/222654.560:WARNING:pe_image_reader.cc(340)] could not read dos header from C:\WINDOWS\SYSTEM32\dbghelp.dll
[0327/222654.560:ERROR:process_memory_win.cc(73)] ReadMemory at 0x7ff9d70e0000 of 64 bytes failed: Only part of a ReadProcessMemory or WriteProcessMemory request was completed. (0x12B)
[0327/222654.560:WARNING:pe_image_reader.cc(340)] could not read dos header from C:\WINDOWS\SYSTEM32\WINHTTP.dll
[0327/222654.560:ERROR:process_memory_win.cc(73)] ReadMemory at 0x7ff9d80f0000 of 64 bytes failed: Only part of a ReadProcessMemory or WriteProcessMemory request was completed. (0x12B)
[0327/222654.564:WARNING:pe_image_reader.cc(340)] could not read dos header from C:\WINDOWS\SYSTEM32\dhcpcsvc.DLL
[0327/222654.564:ERROR:process_memory_win.cc(73)] ReadMemory at 0x7ff9df760000 of 64 bytes failed: Only part of a ReadProcessMemory or WriteProcessMemory request was completed. (0x12B)
[0327/222654.564:WARNING:pe_image_reader.cc(340)] could not read dos header from C:\WINDOWS\System32\NSI.dll
[0327/222654.564:ERROR:process_memory_win.cc(73)] ReadMemory at 0x7ff9d7570000 of 64 bytes failed: Only part of a ReadProcessMemory or WriteProcessMemory request was completed. (0x12B)
[0327/222654.564:WARNING:pe_image_reader.cc(340)] could not read dos header from C:\WINDOWS\SYSTEM32\WINMMBASE.dll
[0327/222654.564:ERROR:process_memory_win.cc(73)] ReadMemory at 0x7ff9df090000 of 64 bytes failed: Only part of a ReadProcessMemory or WriteProcessMemory request was completed. (0x12B)
[0327/222654.564:WARNING:pe_image_reader.cc(340)] could not read dos header from C:\WINDOWS\System32\cfgmgr32.dll
[0327/222654.564:ERROR:process_memory_win.cc(73)] ReadMemory at 0x7ff9dc210000 of 64 bytes failed: Only part of a ReadProcessMemory or WriteProcessMemory request was completed. (0x12B)
[0327/222654.564:WARNING:pe_image_reader.cc(340)] could not read dos header from C:\WINDOWS\SYSTEM32\PROPSYS.dll
[0327/222654.564:ERROR:process_memory_win.cc(73)] ReadMemory at 0x7ff9df670000 of 64 bytes failed: Only part of a ReadProcessMemory or WriteProcessMemory request was completed. (0x12B)
[0327/222654.564:WARNING:pe_image_reader.cc(340)] could not read dos header from C:\WINDOWS\System32\shcore.dll
[0327/222654.564:ERROR:process_memory_win.cc(73)] ReadMemory at 0x7ff9de1b0000 of 64 bytes failed: Only part of a ReadProcessMemory or WriteProcessMemory request was completed. (0x12B)
[0327/222654.564:WARNING:pe_image_reader.cc(340)] could not read dos header from C:\WINDOWS\SYSTEM32\SSPICLI.DLL
[0327/222654.564:ERROR:process_memory_win.cc(73)] ReadMemory at 0x7ff9df730000 of 64 bytes failed: Only part of a ReadProcessMemory or WriteProcessMemory request was completed. (0x12B)
[0327/222654.564:WARNING:pe_image_reader.cc(340)] could not read dos header from C:\WINDOWS\System32\GDI32.dll
[0327/222654.564:ERROR:process_memory_win.cc(73)] ReadMemory at 0x7ff9df0e0000 of 64 bytes failed: Only part of a ReadProcessMemory or WriteProcessMemory request was completed. (0x12B)
[0327/222654.564:WARNING:pe_image_reader.cc(340)] could not read dos header from C:\WINDOWS\System32\win32u.dll
[0327/222654.564:ERROR:process_memory_win.cc(73)] ReadMemory at 0x7ff9df110000 of 64 bytes failed: Only part of a ReadProcessMemory or WriteProcessMemory request was completed. (0x12B)
[0327/222654.568:WARNING:pe_image_reader.cc(340)] could not read dos header from C:\WINDOWS\System32\gdi32full.dll
[0327/222654.568:ERROR:process_memory_win.cc(73)] ReadMemory at 0x7ff9e0d00000 of 64 bytes failed: Only part of a ReadProcessMemory or WriteProcessMemory request was completed. (0x12B)
[0327/222654.568:WARNING:pe_image_reader.cc(340)] could not read dos header from C:\WINDOWS\System32\USER32.dll
[0327/222654.568:ERROR:process_memory_win.cc(73)] ReadMemory at 0x7ff9e0c70000 of 64 bytes failed: Only part of a ReadProcessMemory or WriteProcessMemory request was completed. (0x12B)
[0327/222654.568:WARNING:pe_image_reader.cc(340)] could not read dos header from C:\WINDOWS\System32\IMM32.DLL
[0327/222654.568:ERROR:process_memory_win.cc(73)] ReadMemory at 0x7ff9df8b0000 of 64 bytes failed: Only part of a ReadProcessMemory or WriteProcessMemory request was completed. (0x12B)
[0327/222654.568:WARNING:pe_image_reader.cc(340)] could not read dos header from C:\WINDOWS\System32\SHELL32.dll
[0327/222654.568:ERROR:process_memory_win.cc(73)] ReadMemory at 0x7ff9de8f0000 of 64 bytes failed: Only part of a ReadProcessMemory or WriteProcessMemory request was completed. (0x12B)
[0327/222654.568:WARNING:pe_image_reader.cc(340)] could not read dos header from C:\WINDOWS\System32\windows.storage.dll
[0327/222654.568:ERROR:process_memory_win.cc(73)] ReadMemory at 0x7ff9de340000 of 64 bytes failed: Only part of a ReadProcessMemory or WriteProcessMemory request was completed. (0x12B)
[0327/222654.568:WARNING:pe_image_reader.cc(340)] could not read dos header from C:\WINDOWS\System32\powrprof.dll
[0327/222654.568:ERROR:process_memory_win.cc(73)] ReadMemory at 0x7ff9de2c0000 of 64 bytes failed: Only part of a ReadProcessMemory or WriteProcessMemory request was completed. (0x12B)
[0327/222654.568:WARNING:pe_image_reader.cc(340)] could not read dos header from C:\WINDOWS\System32\UMPDC.dll
[0327/222654.568:ERROR:process_memory_win.cc(73)] ReadMemory at 0x7ff9e0450000 of 64 bytes failed: Only part of a ReadProcessMemory or WriteProcessMemory request was completed. (0x12B)
[0327/222654.568:WARNING:pe_image_reader.cc(340)] could not read dos header from C:\WINDOWS\System32\shlwapi.dll
[0327/222654.568:ERROR:process_memory_win.cc(73)] ReadMemory at 0x7ff9df070000 of 64 bytes failed: Only part of a ReadProcessMemory or WriteProcessMemory request was completed. (0x12B)
[0327/222654.568:WARNING:pe_image_reader.cc(340)] could not read dos header from C:\WINDOWS\System32\cryptsp.dll
[0327/222654.568:ERROR:process_memory_win.cc(73)] ReadMemory at 0x7ff9b81d0000 of 64 bytes failed: Only part of a ReadProcessMemory or WriteProcessMemory request was completed. (0x12B)
[0327/222654.568:WARNING:pe_image_reader.cc(340)] could not read dos header from C:\Program Files\Acer\Acer Power Management\SysHook.dll
[0327/222654.572:ERROR:process_memory_win.cc(73)] ReadMemory at 0x7ff9e0f70000 of 64 bytes failed: Only part of a ReadProcessMemory or WriteProcessMemory request was completed. (0x12B)
[0327/222654.572:WARNING:pe_image_reader.cc(340)] could not read dos header from C:\WINDOWS\System32\COMDLG32.dll
[0327/222654.572:ERROR:process_memory_win.cc(73)] ReadMemory at 0x7ff9e11f0000 of 64 bytes failed: Only part of a ReadProcessMemory or WriteProcessMemory request was completed. (0x12B)
[0327/222654.572:WARNING:pe_image_reader.cc(340)] could not read dos header from C:\WINDOWS\System32\ole32.dll
[0327/222654.572:ERROR:process_memory_win.cc(73)] ReadMemory at 0x7ff9d0400000 of 64 bytes failed: Only part of a ReadProcessMemory or WriteProcessMemory request was completed. (0x12B)
[0327/222654.572:WARNING:pe_image_reader.cc(340)] could not read dos header from C:\WINDOWS\SYSTEM32\MSIMG32.dll
[0327/222654.572:ERROR:process_memory_win.cc(73)] ReadMemory at 0x7ff9d1b40000 of 64 bytes failed: Only part of a ReadProcessMemory or WriteProcessMemory request was completed. (0x12B)
[0327/222654.572:WARNING:pe_image_reader.cc(340)] could not read dos header from C:\WINDOWS\WinSxS\amd64_microsoft.windows.common-controls_6595b64144ccf1df_6.0.18362.720_none_e6beb5c51314836b\COMCTL32.dll
[0327/222654.572:ERROR:process_memory_win.cc(73)] ReadMemory at 0x7ff9d3540000 of 64 bytes failed: Only part of a ReadProcessMemory or WriteProcessMemory request was completed. (0x12B)
[0327/222654.572:WARNING:pe_image_reader.cc(340)] could not read dos header from C:\WINDOWS\WinSxS\amd64_microsoft.windows.gdiplus_6595b64144ccf1df_1.1.18362.720_none_17a9a8aa6da6fd39\gdiplus.dll
[0327/222654.572:ERROR:process_memory_win.cc(73)] ReadMemory at 0x7ff9bb520000 of 64 bytes failed: Only part of a ReadProcessMemory or WriteProcessMemory request was completed. (0x12B)
[0327/222654.572:WARNING:pe_image_reader.cc(340)] could not read dos header from C:\WINDOWS\SYSTEM32\OLEACC.dll
[0327/222654.572:ERROR:process_memory_win.cc(73)] ReadMemory at 0x7ff9dc950000 of 64 bytes failed: Only part of a ReadProcessMemory or WriteProcessMemory request was completed. (0x12B)
[0327/222654.572:WARNING:pe_image_reader.cc(340)] could not read dos header from C:\WINDOWS\SYSTEM32\UxTheme.dll
[0327/222654.572:ERROR:process_memory_win.cc(73)] ReadMemory at 0x7ff9dca20000 of 64 bytes failed: Only part of a ReadProcessMemory or WriteProcessMemory request was completed. (0x12B)
[0327/222654.572:WARNING:pe_image_reader.cc(340)] could not read dos header from C:\WINDOWS\SYSTEM32\dwmapi.dll
[0327/222654.572:ERROR:process_memory_win.cc(73)] ReadMemory at 0x7ff9ddca0000 of 64 bytes failed: Only part of a ReadProcessMemory or WriteProcessMemory request was completed. (0x12B)
[0327/222654.572:WARNING:pe_image_reader.cc(340)] could not read dos header from C:\WINDOWS\SYSTEM32\CRYPTBASE.DLL
[0327/222654.572:ERROR:process_memory_win.cc(73)] ReadMemory at 0x7ff9d9e90000 of 64 bytes failed: Only part of a ReadProcessMemory or WriteProcessMemory request was completed. (0x12B)
[0327/222654.576:WARNING:pe_image_reader.cc(340)] could not read dos header from C:\WINDOWS\system32\NLAapi.dll
[0327/222654.576:ERROR:process_memory_win.cc(73)] ReadMemory at 0x7ff9d8110000 of 64 bytes failed: Only part of a ReadProcessMemory or WriteProcessMemory request was completed. (0x12B)
[0327/222654.576:WARNING:pe_image_reader.cc(340)] could not read dos header from C:\WINDOWS\SYSTEM32\dhcpcsvc6.DLL
[0327/222654.576:ERROR:process_memory_win.cc(73)] ReadMemory at 0x7ff9dd820000 of 64 bytes failed: Only part of a ReadProcessMemory or WriteProcessMemory request was completed. (0x12B)
[0327/222654.576:WARNING:pe_image_reader.cc(340)] could not read dos header from C:\WINDOWS\SYSTEM32\DNSAPI.dll
[0327/222654.576:ERROR:process_memory_win.cc(73)] ReadMemory at 0x7ff9d4ec0000 of 64 bytes failed: Only part of a ReadProcessMemory or WriteProcessMemory request was completed. (0x12B)
[0327/222654.576:WARNING:pe_image_reader.cc(340)] could not read dos header from C:\WINDOWS\SYSTEM32\wlanapi.dll
[0327/222654.576:ERROR:process_memory_win.cc(73)] ReadMemory at 0x7ff9ddad0000 of 64 bytes failed: Only part of a ReadProcessMemory or WriteProcessMemory request was completed. (0x12B)
[0327/222654.576:WARNING:pe_image_reader.cc(340)] could not read dos header from C:\WINDOWS\system32\mswsock.dll
[0327/222654.576:ERROR:process_memory_win.cc(73)] ReadMemory at 0x7ff9db030000 of 64 bytes failed: Only part of a ReadProcessMemory or WriteProcessMemory request was completed. (0x12B)
[0327/222654.576:WARNING:pe_image_reader.cc(340)] could not read dos header from C:\Windows\System32\rasadhlp.dll
[0327/222654.576:ERROR:process_memory_win.cc(73)] ReadMemory at 0x7ff9daeb0000 of 64 bytes failed: Only part of a ReadProcessMemory or WriteProcessMemory request was completed. (0x12B)
[0327/222654.576:WARNING:pe_image_reader.cc(340)] could not read dos header from C:\WINDOWS\System32\fwpuclnt.dll
[0327/222654.576:ERROR:process_memory_win.cc(73)] ReadMemory at 0x7ff9dd640000 of 64 bytes failed: Only part of a ReadProcessMemory or WriteProcessMemory request was completed. (0x12B)
[0327/222654.576:WARNING:pe_image_reader.cc(340)] could not read dos header from C:\WINDOWS\system32\rsaenh.dll
[0327/222654.576:ERROR:process_memory_win.cc(73)] ReadMemory at 0x7ff9dcee0000 of 64 bytes failed: Only part of a ReadProcessMemory or WriteProcessMemory request was completed. (0x12B)
[0327/222654.576:WARNING:pe_image_reader.cc(340)] could not read dos header from C:\WINDOWS\SYSTEM32\gpapi.dll
[0327/222654.576:ERROR:process_memory_win.cc(73)] ReadMemory at 0x7ff9c99b0000 of 64 bytes failed: Only part of a ReadProcessMemory or WriteProcessMemory request was completed. (0x12B)
[0327/222654.576:WARNING:pe_image_reader.cc(340)] could not read dos header from C:\Windows\System32\cryptnet.dll
[0327/222654.576:ERROR:process_memory_win.cc(73)] ReadMemory at 0x7ff9dd2f0000 of 64 bytes failed: Only part of a ReadProcessMemory or WriteProcessMemory request was completed. (0x12B)
[0327/222654.576:WARNING:pe_image_reader.cc(340)] could not read dos header from C:\WINDOWS\SYSTEM32\ntmarta.dll
[0327/222654.576:ERROR:process_memory_win.cc(73)] ReadMemory at 0x7ff76b830000 of 64 bytes failed: Only part of a ReadProcessMemory or WriteProcessMemory request was completed. (0x12B)
[0327/222654.576:WARNING:pe_image_reader.cc(340)] could not read dos header from C:\Program Files (x86)\Google\Chrome\Application\chrome.exe
[0327/222654.576:ERROR:process_memory_win.cc(73)] ReadMemory at 0x7ff9e1400000 of 64 bytes failed: Only part of a ReadProcessMemory or WriteProcessMemory request was completed. (0x12B)
[0327/222654.576:WARNING:pe_image_reader.cc(340)] could not read dos header from C:\WINDOWS\SYSTEM32\ntdll.dll
[0327/222654.576:ERROR:process_memory_win.cc(73)] ReadMemory at 0x7ff9df770000 of 64 bytes failed: Only part of a ReadProcessMemory or WriteProcessMemory request was completed. (0x12B)
[0327/222654.576:WARNING:pe_image_reader.cc(340)] could not read dos header from C:\WINDOWS\System32\KERNEL32.DLL
[0327/222654.576:ERROR:process_memory_win.cc(73)] ReadMemory at 0x7ff9de490000 of 64 bytes failed: Only part of a ReadProcessMemory or WriteProcessMemory request was completed. (0x12B)
[0327/222654.576:WARNING:pe_image_reader.cc(340)] could not read dos header from C:\WINDOWS\System32\KERNELBASE.dll
[0327/222654.576:ERROR:process_memory_win.cc(73)] ReadMemory at 0x7ff9b67a0000 of 64 bytes failed: Only part of a ReadProcessMemory or WriteProcessMemory request was completed. (0x12B)
[0327/222654.576:WARNING:pe_image_reader.cc(340)] could not read dos header from C:\Program Files (x86)\Google\Chrome\Application\80.0.3987.149\chrome_elf.dll
[0327/222654.576:ERROR:process_memory_win.cc(73)] ReadMemory at 0x7ff9d8c40000 of 64 bytes failed: Only part of a ReadProcessMemory or WriteProcessMemory request was completed. (0x12B)
[0327/222654.576:WARNING:pe_image_reader.cc(340)] could not read dos header from C:\WINDOWS\SYSTEM32\VERSION.dll
[0327/222654.580:ERROR:process_memory_win.cc(73)] ReadMemory at 0x7ff9df4b0000 of 64 bytes failed: Only part of a ReadProcessMemory or WriteProcessMemory request was completed. (0x12B)
[0327/222654.580:WARNING:pe_image_reader.cc(340)] could not read dos header from C:\WINDOWS\System32\msvcrt.dll
[0327/222654.580:ERROR:process_memory_win.cc(73)] ReadMemory at 0x7ff9de870000 of 64 bytes failed: Only part of a ReadProcessMemory or WriteProcessMemory request was completed. (0x12B)
[0327/222654.580:WARNING:pe_image_reader.cc(340)] could not read dos header from C:\WINDOWS\System32\bcryptPrimitives.dll
[0327/222654.580:ERROR:process_memory_win.cc(73)] ReadMemory at 0x7ff9e0b40000 of 64 bytes failed: Only part of a ReadProcessMemory or WriteProcessMemory request was completed. (0x12B)
[0327/222654.580:WARNING:pe_image_reader.cc(340)] could not read dos header from C:\WINDOWS\System32\ADVAPI32.dll
[0327/222654.580:ERROR:process_memory_win.cc(73)] ReadMemory at 0x7ff9e0580000 of 64 bytes failed: Only part of a ReadProcessMemory or WriteProcessMemory request was completed. (0x12B)
[0327/222654.580:WARNING:pe_image_reader.cc(340)] could not read dos header from C:\WINDOWS\System32\sechost.dll
[0327/222654.580:ERROR:process_memory_win.cc(73)] ReadMemory at 0x7ff9df550000 of 64 bytes failed: Only part of a ReadProcessMemory or WriteProcessMemory request was completed. (0x12B)
[0327/222654.580:WARNING:pe_image_reader.cc(340)] could not read dos header from C:\WINDOWS\System32\RPCRT4.dll
[0327/222654.580:ERROR:process_memory_win.cc(73)] ReadMemory at 0x7ff99dcf0000 of 64 bytes failed: Only part of a ReadProcessMemory or WriteProcessMemory request was completed. (0x12B)
[0327/222654.580:WARNING:pe_image_reader.cc(340)] could not read dos header from C:\Program Files (x86)\Google\Chrome\Application\80.0.3987.149\chrome.dll
[0327/222654.580:ERROR:process_memory_win.cc(73)] ReadMemory at 0x7ff9e1350000 of 64 bytes failed: Only part of a ReadProcessMemory or WriteProcessMemory request was completed. (0x12B)
[0327/222654.580:WARNING:pe_image_reader.cc(340)] could not read dos header from C:\WINDOWS\System32\WS2_32.dll
[0327/222654.580:ERROR:process_memory_win.cc(73)] ReadMemory at 0x7ff9e04b0000 of 64 bytes failed: Only part of a ReadProcessMemory or WriteProcessMemory request was completed. (0x12B)
[0327/222654.580:WARNING:pe_image_reader.cc(340)] could not read dos header from C:\WINDOWS\System32\OLEAUT32.dll
[0327/222654.580:ERROR:process_memory_win.cc(73)] ReadMemory at 0x7ff9de740000 of 64 bytes failed: Only part of a ReadProcessMemory or WriteProcessMemory request was completed. (0x12B)
[0327/222654.580:WARNING:pe_image_reader.cc(340)] could not read dos header from C:\WINDOWS\System32\msvcp_win.dll
[0327/222654.580:ERROR:process_memory_win.cc(73)] ReadMemory at 0x7ff9de390000 of 64 bytes failed: Only part of a ReadProcessMemory or WriteProcessMemory request was completed. (0x12B)
[0327/222654.580:WARNING:pe_image_reader.cc(340)] could not read dos header from C:\WINDOWS\System32\ucrtbase.dll
[0327/222654.580:ERROR:process_memory_win.cc(73)] ReadMemory at 0x7ff9dffc0000 of 64 bytes failed: Only part of a ReadProcessMemory or WriteProcessMemory request was completed. (0x12B)
[0327/222654.580:WARNING:pe_image_reader.cc(340)] could not read dos header from C:\WINDOWS\System32\combase.dll
[0327/222654.580:ERROR:process_memory_win.cc(73)] ReadMemory at 0x7ff9de810000 of 64 bytes failed: Only part of a ReadProcessMemory or WriteProcessMemory request was completed. (0x12B)
[0327/222654.580:WARNING:pe_image_reader.cc(340)] could not read dos header from C:\WINDOWS\System32\WINTRUST.dll
[0327/222654.580:ERROR:process_memory_win.cc(73)] ReadMemory at 0x7ff9de320000 of 64 bytes failed: Only part of a ReadProcessMemory or WriteProcessMemory request was completed. (0x12B)
[0327/222654.580:WARNING:pe_image_reader.cc(340)] could not read dos header from C:\WINDOWS\System32\MSASN1.dll
[0327/222654.580:ERROR:process_memory_win.cc(73)] ReadMemory at 0x7ff9df360000 of 64 bytes failed: Only part of a ReadProcessMemory or WriteProcessMemory request was completed. (0x12B)
[0327/222654.580:WARNING:pe_image_reader.cc(340)] could not read dos header from C:\WINDOWS\System32\CRYPT32.dll
[0327/222654.580:ERROR:process_memory_win.cc(73)] ReadMemory at 0x7ff9dd7e0000 of 64 bytes failed: Only part of a ReadProcessMemory or WriteProcessMemory request was completed. (0x12B)
[0327/222654.580:WARNING:pe_image_reader.cc(340)] could not read dos header from C:\WINDOWS\SYSTEM32\IPHLPAPI.DLL
[0327/222654.580:ERROR:process_memory_win.cc(73)] ReadMemory at 0x7ff9d75a0000 of 64 bytes failed: Only part of a ReadProcessMemory or WriteProcessMemory request was completed. (0x12B)
[0327/222654.580:WARNING:pe_image_reader.cc(340)] could not read dos header from C:\WINDOWS\SYSTEM32\WINMM.dll
[0327/222654.580:ERROR:process_memory_win.cc(73)] ReadMemory at 0x7ff9cf8f0000 of 64 bytes failed: Only part of a ReadProcessMemory or WriteProcessMemory request was completed. (0x12B)
[0327/222654.580:WARNING:pe_image_reader.cc(340)] could not read dos header from C:\WINDOWS\SYSTEM32\Secur32.dll
[0327/222654.584:ERROR:process_memory_win.cc(73)] ReadMemory at 0x7ff9de1e0000 of 64 bytes failed: Only part of a ReadProcessMemory or WriteProcessMemory request was completed. (0x12B)
[0327/222654.584:WARNING:pe_image_reader.cc(340)] could not read dos header from C:\WINDOWS\SYSTEM32\USERENV.dll
[0327/222654.584:ERROR:process_memory_win.cc(73)] ReadMemory at 0x7ff9de2f0000 of 64 bytes failed: Only part of a ReadProcessMemory or WriteProcessMemory request was completed. (0x12B)
[0327/222654.584:WARNING:pe_image_reader.cc(340)] could not read dos header from C:\WINDOWS\System32\profapi.dll
[0327/222654.584:ERROR:process_memory_win.cc(73)] ReadMemory at 0x7ff9ce950000 of 64 bytes failed: Only part of a ReadProcessMemory or WriteProcessMemory request was completed. (0x12B)
[0327/222654.584:WARNING:pe_image_reader.cc(340)] could not read dos header from C:\WINDOWS\SYSTEM32\UIAutomationCore.DLL
[0327/222654.584:ERROR:process_memory_win.cc(73)] ReadMemory at 0x7ff9cd430000 of 64 bytes failed: Only part of a ReadProcessMemory or WriteProcessMemory request was completed. (0x12B)
[0327/222654.584:WARNING:pe_image_reader.cc(340)] could not read dos header from C:\WINDOWS\SYSTEM32\DWrite.dll
[0327/222654.584:ERROR:process_memory_win.cc(73)] ReadMemory at 0x7ff9cf590000 of 64 bytes failed: Only part of a ReadProcessMemory or WriteProcessMemory request was completed. (0x12B)
[0327/222654.584:WARNING:pe_image_reader.cc(340)] could not read dos header from C:\WINDOWS\SYSTEM32\WINSPOOL.DRV
[0327/222654.584:ERROR:process_memory_win.cc(73)] ReadMemory at 0x7ff9de2d0000 of 64 bytes failed: Only part of a ReadProcessMemory or WriteProcessMemory request was completed. (0x12B)
[0327/222654.584:WARNING:pe_image_reader.cc(340)] could not read dos header from C:\WINDOWS\System32\kernel.appcore.dll
[0327/222654.584:ERROR:process_memory_win.cc(73)] ReadMemory at 0x7ff9de7e0000 of 64 bytes failed: Only part of a ReadProcessMemory or WriteProcessMemory request was completed. (0x12B)
[0327/222654.584:WARNING:pe_image_reader.cc(340)] could not read dos header from C:\WINDOWS\System32\bcrypt.dll
[0327/222654.584:ERROR:process_memory_win.cc(73)] ReadMemory at 0x7ff9d7370000 of 64 bytes failed: Only part of a ReadProcessMemory or WriteProcessMemory request was completed. (0x12B)
[0327/222654.584:WARNING:pe_image_reader.cc(340)] could not read dos header from C:\WINDOWS\SYSTEM32\dbghelp.dll
[0327/222654.584:ERROR:process_memory_win.cc(73)] ReadMemory at 0x7ff9d70e0000 of 64 bytes failed: Only part of a ReadProcessMemory or WriteProcessMemory request was completed. (0x12B)
[0327/222654.584:WARNING:pe_image_reader.cc(340)] could not read dos header from C:\WINDOWS\SYSTEM32\WINHTTP.dll
[0327/222654.584:ERROR:process_memory_win.cc(73)] ReadMemory at 0x7ff9d80f0000 of 64 bytes failed: Only part of a ReadProcessMemory or WriteProcessMemory request was completed. (0x12B)
[0327/222654.584:WARNING:pe_image_reader.cc(340)] could not read dos header from C:\WINDOWS\SYSTEM32\dhcpcsvc.DLL
[0327/222654.584:ERROR:process_memory_win.cc(73)] ReadMemory at 0x7ff9df760000 of 64 bytes failed: Only part of a ReadProcessMemory or WriteProcessMemory request was completed. (0x12B)
[0327/222654.584:WARNING:pe_image_reader.cc(340)] could not read dos header from C:\WINDOWS\System32\NSI.dll
[0327/222654.584:ERROR:process_memory_win.cc(73)] ReadMemory at 0x7ff9d7570000 of 64 bytes failed: Only part of a ReadProcessMemory or WriteProcessMemory request was completed. (0x12B)
[0327/222654.584:WARNING:pe_image_reader.cc(340)] could not read dos header from C:\WINDOWS\SYSTEM32\WINMMBASE.dll
[0327/222654.584:ERROR:process_memory_win.cc(73)] ReadMemory at 0x7ff9df090000 of 64 bytes failed: Only part of a ReadProcessMemory or WriteProcessMemory request was completed. (0x12B)
[0327/222654.584:WARNING:pe_image_reader.cc(340)] could not read dos header from C:\WINDOWS\System32\cfgmgr32.dll
[0327/222654.584:ERROR:process_memory_win.cc(73)] ReadMemory at 0x7ff9dc210000 of 64 bytes failed: Only part of a ReadProcessMemory or WriteProcessMemory request was completed. (0x12B)
[0327/222654.584:WARNING:pe_image_reader.cc(340)] could not read dos header from C:\WINDOWS\SYSTEM32\PROPSYS.dll
[0327/222654.584:ERROR:process_memory_win.cc(73)] ReadMemory at 0x7ff9df670000 of 64 bytes failed: Only part of a ReadProcessMemory or WriteProcessMemory request was completed. (0x12B)
[0327/222654.584:WARNING:pe_image_reader.cc(340)] could not read dos header from C:\WINDOWS\System32\shcore.dll
[0327/222654.584:ERROR:process_memory_win.cc(73)] ReadMemory at 0x7ff9de1b0000 of 64 bytes failed: Only part of a ReadProcessMemory or WriteProcessMemory request was completed. (0x12B)
[0327/222654.584:WARNING:pe_image_reader.cc(340)] could not read dos header from C:\WINDOWS\SYSTEM32\SSPICLI.DLL
[0327/222654.588:ERROR:process_memory_win.cc(73)] ReadMemory at 0x7ff9df730000 of 64 bytes failed: Only part of a ReadProcessMemory or WriteProcessMemory request was completed. (0x12B)
[0327/222654.588:WARNING:pe_image_reader.cc(340)] could not read dos header from C:\WINDOWS\System32\GDI32.dll
[0327/222654.588:ERROR:process_memory_win.cc(73)] ReadMemory at 0x7ff9df0e0000 of 64 bytes failed: Only part of a ReadProcessMemory or WriteProcessMemory request was completed. (0x12B)
[0327/222654.588:WARNING:pe_image_reader.cc(340)] could not read dos header from C:\WINDOWS\System32\win32u.dll
[0327/222654.588:ERROR:process_memory_win.cc(73)] ReadMemory at 0x7ff9df110000 of 64 bytes failed: Only part of a ReadProcessMemory or WriteProcessMemory request was completed. (0x12B)
[0327/222654.588:WARNING:pe_image_reader.cc(340)] could not read dos header from C:\WINDOWS\System32\gdi32full.dll
[0327/222654.588:ERROR:process_memory_win.cc(73)] ReadMemory at 0x7ff9e0d00000 of 64 bytes failed: Only part of a ReadProcessMemory or WriteProcessMemory request was completed. (0x12B)
[0327/222654.588:WARNING:pe_image_reader.cc(340)] could not read dos header from C:\WINDOWS\System32\USER32.dll
[0327/222654.588:ERROR:process_memory_win.cc(73)] ReadMemory at 0x7ff9e0c70000 of 64 bytes failed: Only part of a ReadProcessMemory or WriteProcessMemory request was completed. (0x12B)
[0327/222654.588:WARNING:pe_image_reader.cc(340)] could not read dos header from C:\WINDOWS\System32\IMM32.DLL
[0327/222654.588:ERROR:process_memory_win.cc(73)] ReadMemory at 0x7ff9df8b0000 of 64 bytes failed: Only part of a ReadProcessMemory or WriteProcessMemory request was completed. (0x12B)
[0327/222654.588:WARNING:pe_image_reader.cc(340)] could not read dos header from C:\WINDOWS\System32\SHELL32.dll
[0327/222654.588:ERROR:process_memory_win.cc(73)] ReadMemory at 0x7ff9de8f0000 of 64 bytes failed: Only part of a ReadProcessMemory or WriteProcessMemory request was completed. (0x12B)
[0327/222654.588:WARNING:pe_image_reader.cc(340)] could not read dos header from C:\WINDOWS\System32\windows.storage.dll
[0327/222654.588:ERROR:process_memory_win.cc(73)] ReadMemory at 0x7ff9de340000 of 64 bytes failed: Only part of a ReadProcessMemory or WriteProcessMemory request was completed. (0x12B)
[0327/222654.588:WARNING:pe_image_reader.cc(340)] could not read dos header from C:\WINDOWS\System32\powrprof.dll
[0327/222654.588:ERROR:process_memory_win.cc(73)] ReadMemory at 0x7ff9de2c0000 of 64 bytes failed: Only part of a ReadProcessMemory or WriteProcessMemory request was completed. (0x12B)
[0327/222654.588:WARNING:pe_image_reader.cc(340)] could not read dos header from C:\WINDOWS\System32\UMPDC.dll
[0327/222654.588:ERROR:process_memory_win.cc(73)] ReadMemory at 0x7ff9e0450000 of 64 bytes failed: Only part of a ReadProcessMemory or WriteProcessMemory request was completed. (0x12B)
[0327/222654.588:WARNING:pe_image_reader.cc(340)] could not read dos header from C:\WINDOWS\System32\shlwapi.dll
[0327/222654.588:ERROR:process_memory_win.cc(73)] ReadMemory at 0x7ff9df070000 of 64 bytes failed: Only part of a ReadProcessMemory or WriteProcessMemory request was completed. (0x12B)
[0327/222654.588:WARNING:pe_image_reader.cc(340)] could not read dos header from C:\WINDOWS\System32\cryptsp.dll
[0327/222654.588:ERROR:process_memory_win.cc(73)] ReadMemory at 0x7ff9b81d0000 of 64 bytes failed: Only part of a ReadProcessMemory or WriteProcessMemory request was completed. (0x12B)
[0327/222654.588:WARNING:pe_image_reader.cc(340)] could not read dos header from C:\Program Files\Acer\Acer Power Management\SysHook.dll
[0327/222654.588:ERROR:process_memory_win.cc(73)] ReadMemory at 0x7ff9e0f70000 of 64 bytes failed: Only part of a ReadProcessMemory or WriteProcessMemory request was completed. (0x12B)
[0327/222654.588:WARNING:pe_image_reader.cc(340)] could not read dos header from C:\WINDOWS\System32\COMDLG32.dll
[0327/222654.588:ERROR:process_memory_win.cc(73)] ReadMemory at 0x7ff9e11f0000 of 64 bytes failed: Only part of a ReadProcessMemory or WriteProcessMemory request was completed. (0x12B)
[0327/222654.588:WARNING:pe_image_reader.cc(340)] could not read dos header from C:\WINDOWS\System32\ole32.dll
[0327/222654.588:ERROR:process_memory_win.cc(73)] ReadMemory at 0x7ff9d0400000 of 64 bytes failed: Only part of a ReadProcessMemory or WriteProcessMemory request was completed. (0x12B)
[0327/222654.588:WARNING:pe_image_reader.cc(340)] could not read dos header from C:\WINDOWS\SYSTEM32\MSIMG32.dll
[0327/222654.588:ERROR:process_memory_win.cc(73)] ReadMemory at 0x7ff9d1b40000 of 64 bytes failed: Only part of a ReadProcessMemory or WriteProcessMemory request was completed. (0x12B)
[0327/222654.588:WARNING:pe_image_reader.cc(340)] could not read dos header from C:\WINDOWS\WinSxS\amd64_microsoft.windows.common-controls_6595b64144ccf1df_6.0.18362.720_none_e6beb5c51314836b\COMCTL32.dll
[0327/222654.588:ERROR:process_memory_win.cc(73)] ReadMemory at 0x7ff9d3540000 of 64 bytes failed: Only part of a ReadProcessMemory or WriteProcessMemory request was completed. (0x12B)
[0327/222654.592:WARNING:pe_image_reader.cc(340)] could not read dos header from C:\WINDOWS\WinSxS\amd64_microsoft.windows.gdiplus_6595b64144ccf1df_1.1.18362.720_none_17a9a8aa6da6fd39\gdiplus.dll
[0327/222654.592:ERROR:process_memory_win.cc(73)] ReadMemory at 0x7ff9bb520000 of 64 bytes failed: Only part of a ReadProcessMemory or WriteProcessMemory request was completed. (0x12B)
[0327/222654.592:WARNING:pe_image_reader.cc(340)] could not read dos header from C:\WINDOWS\SYSTEM32\OLEACC.dll
[0327/222654.592:ERROR:process_memory_win.cc(73)] ReadMemory at 0x7ff9dc950000 of 64 bytes failed: Only part of a ReadProcessMemory or WriteProcessMemory request was completed. (0x12B)
[0327/222654.592:WARNING:pe_image_reader.cc(340)] could not read dos header from C:\WINDOWS\SYSTEM32\UxTheme.dll
[0327/222654.592:ERROR:process_memory_win.cc(73)] ReadMemory at 0x7ff9dca20000 of 64 bytes failed: Only part of a ReadProcessMemory or WriteProcessMemory request was completed. (0x12B)
[0327/222654.592:WARNING:pe_image_reader.cc(340)] could not read dos header from C:\WINDOWS\SYSTEM32\dwmapi.dll
[0327/222654.592:ERROR:process_memory_win.cc(73)] ReadMemory at 0x7ff9ddca0000 of 64 bytes failed: Only part of a ReadProcessMemory or WriteProcessMemory request was completed. (0x12B)
[0327/222654.592:WARNING:pe_image_reader.cc(340)] could not read dos header from C:\WINDOWS\SYSTEM32\CRYPTBASE.DLL
[0327/222654.592:ERROR:process_memory_win.cc(73)] ReadMemory at 0x7ff9d9e90000 of 64 bytes failed: Only part of a ReadProcessMemory or WriteProcessMemory request was completed. (0x12B)
[0327/222654.592:WARNING:pe_image_reader.cc(340)] could not read dos header from C:\WINDOWS\system32\NLAapi.dll
[0327/222654.592:ERROR:process_memory_win.cc(73)] ReadMemory at 0x7ff9d8110000 of 64 bytes failed: Only part of a ReadProcessMemory or WriteProcessMemory request was completed. (0x12B)
[0327/222654.592:WARNING:pe_image_reader.cc(340)] could not read dos header from C:\WINDOWS\SYSTEM32\dhcpcsvc6.DLL
[0327/222654.592:ERROR:process_memory_win.cc(73)] ReadMemory at 0x7ff9dd820000 of 64 bytes failed: Only part of a ReadProcessMemory or WriteProcessMemory request was completed. (0x12B)
[0327/222654.592:WARNING:pe_image_reader.cc(340)] could not read dos header from C:\WINDOWS\SYSTEM32\DNSAPI.dll
[0327/222654.592:ERROR:process_memory_win.cc(73)] ReadMemory at 0x7ff9d4ec0000 of 64 bytes failed: Only part of a ReadProcessMemory or WriteProcessMemory request was completed. (0x12B)
[0327/222654.592:WARNING:pe_image_reader.cc(340)] could not read dos header from C:\WINDOWS\SYSTEM32\wlanapi.dll
[0327/222654.592:ERROR:process_memory_win.cc(73)] ReadMemory at 0x7ff9ddad0000 of 64 bytes failed: Only part of a ReadProcessMemory or WriteProcessMemory request was completed. (0x12B)
[0327/222654.592:WARNING:pe_image_reader.cc(340)] could not read dos header from C:\WINDOWS\system32\mswsock.dll
[0327/222654.596:ERROR:process_memory_win.cc(73)] ReadMemory at 0x7ff9db030000 of 64 bytes failed: Only part of a ReadProcessMemory or WriteProcessMemory request was completed. (0x12B)
[0327/222654.596:WARNING:pe_image_reader.cc(340)] could not read dos header from C:\Windows\System32\rasadhlp.dll
[0327/222654.596:ERROR:process_memory_win.cc(73)] ReadMemory at 0x7ff9daeb0000 of 64 bytes failed: Only part of a ReadProcessMemory or WriteProcessMemory request was completed. (0x12B)
[0327/222654.596:WARNING:pe_image_reader.cc(340)] could not read dos header from C:\WINDOWS\System32\fwpuclnt.dll
[0327/222654.596:ERROR:process_memory_win.cc(73)] ReadMemory at 0x7ff9dd640000 of 64 bytes failed: Only part of a ReadProcessMemory or WriteProcessMemory request was completed. (0x12B)
[0327/222654.596:WARNING:pe_image_reader.cc(340)] could not read dos header from C:\WINDOWS\system32\rsaenh.dll
[0327/222654.596:ERROR:process_memory_win.cc(73)] ReadMemory at 0x7ff9dcee0000 of 64 bytes failed: Only part of a ReadProcessMemory or WriteProcessMemory request was completed. (0x12B)
[0327/222654.596:WARNING:pe_image_reader.cc(340)] could not read dos header from C:\WINDOWS\SYSTEM32\gpapi.dll
[0327/222654.596:ERROR:process_memory_win.cc(73)] ReadMemory at 0x7ff9c99b0000 of 64 bytes failed: Only part of a ReadProcessMemory or WriteProcessMemory request was completed. (0x12B)
[0327/222654.596:WARNING:pe_image_reader.cc(340)] could not read dos header from C:\Windows\System32\cryptnet.dll
[0327/222654.596:ERROR:process_memory_win.cc(73)] ReadMemory at 0x7ff9dd2f0000 of 64 bytes failed: Only part of a ReadProcessMemory or WriteProcessMemory request was completed. (0x12B)
[0327/222654.596:WARNING:pe_image_reader.cc(340)] could not read dos header from C:\WINDOWS\SYSTEM32\ntmarta.dll
[0327/222654.760:ERROR:process_memory_win.cc(73)] ReadMemory at 0x4fb09fa000 of 24576 bytes failed: Only part of a ReadProcessMemory or WriteProcessMemory request was completed. (0x12B)
[0327/222654.760:ERROR:process_memory_win.cc(73)] ReadMemory at 0x4fb00e6000 of 852 bytes failed: Only part of a ReadProcessMemory or WriteProcessMemory request was completed. (0x12B)
[0327/222654.760:ERROR:process_memory_win.cc(73)] ReadMemory at 0x4fb00e7000 of 6024 bytes failed: Only part of a ReadProcessMemory or WriteProcessMemory request was completed. (0x12B)
[0327/222654.760:ERROR:process_memory_win.cc(73)] ReadMemory at 0x171c50f0fe0 of 4640 bytes failed: Only part of a ReadProcessMemory or WriteProcessMemory request was completed. (0x12B)
[0327/222654.760:ERROR:process_memory_win.cc(73)] ReadMemory at 0x171c50f2210 of 1012 bytes failed: Only part of a ReadProcessMemory or WriteProcessMemory request was completed. (0x12B)
[0327/222654.760:ERROR:process_memory_win.cc(73)] ReadMemory at 0x171c50f2858 of 118 bytes failed: Only part of a ReadProcessMemory or WriteProcessMemory request was completed. (0x12B)
[0327/222654.764:ERROR:process_memory_win.cc(73)] ReadMemory at 0x171c50f28d0 of 832 bytes failed: Only part of a ReadProcessMemory or WriteProcessMemory request was completed. (0x12B)
[0327/222654.764:ERROR:process_memory_win.cc(73)] ReadMemory at 0x171c50f2c12 of 118 bytes failed: Only part of a ReadProcessMemory or WriteProcessMemory request was completed. (0x12B)
[0327/222654.764:ERROR:process_memory_win.cc(73)] ReadMemory at 0x171c50f2c8a of 30 bytes failed: Only part of a ReadProcessMemory or WriteProcessMemory request was completed. (0x12B)
[0327/222654.764:ERROR:process_memory_win.cc(73)] ReadMemory at 0x171c50f2cc0 of 58 bytes failed: Only part of a ReadProcessMemory or WriteProcessMemory request was completed. (0x12B)
[0327/222654.764:ERROR:process_memory_win.cc(73)] ReadMemory at 0x171c50f2dc0 of 132 bytes failed: Only part of a ReadProcessMemory or WriteProcessMemory request was completed. (0x12B)
[0327/222654.764:ERROR:process_memory_win.cc(73)] ReadMemory at 0x171c50f2f50 of 132 bytes failed: Only part of a ReadProcessMemory or WriteProcessMemory request was completed. (0x12B)
[0327/222654.764:ERROR:process_memory_win.cc(73)] ReadMemory at 0x171c50f3110 of 126 bytes failed: Only part of a ReadProcessMemory or WriteProcessMemory request was completed. (0x12B)
[0327/222654.764:ERROR:process_memory_win.cc(73)] ReadMemory at 0x171c50f34f0 of 132 bytes failed: Only part of a ReadProcessMemory or WriteProcessMemory request was completed. (0x12B)
[0327/222654.764:ERROR:process_memory_win.cc(73)] ReadMemory at 0x171c50f3680 of 64 bytes failed: Only part of a ReadProcessMemory or WriteProcessMemory request was completed. (0x12B)
[0327/222654.764:ERROR:process_memory_win.cc(73)] ReadMemory at 0x171c50f36d0 of 132 bytes failed: Only part of a ReadProcessMemory or WriteProcessMemory request was completed. (0x12B)
[0327/222654.764:ERROR:process_memory_win.cc(73)] ReadMemory at 0x171c50f3840 of 132 bytes failed: Only part of a ReadProcessMemory or WriteProcessMemory request was completed. (0x12B)
[0327/222654.764:ERROR:process_memory_win.cc(73)] ReadMemory at 0x171c50f3ae0 of 132 bytes failed: Only part of a ReadProcessMemory or WriteProcessMemory request was completed. (0x12B)
[0327/222654.764:ERROR:process_memory_win.cc(73)] ReadMemory at 0x171c50f3c70 of 68 bytes failed: Only part of a ReadProcessMemory or WriteProcessMemory request was completed. (0x12B)
[0327/222654.764:ERROR:process_memory_win.cc(73)] ReadMemory at 0x171c50f4d60 of 132 bytes failed: Only part of a ReadProcessMemory or WriteProcessMemory request was completed. (0x12B)
[0327/222654.764:ERROR:process_memory_win.cc(73)] ReadMemory at 0x171c50f4ef0 of 154 bytes failed: Only part of a ReadProcessMemory or WriteProcessMemory request was completed. (0x12B)
[0327/222654.764:ERROR:process_memory_win.cc(73)] ReadMemory at 0x171c50f62a0 of 146 bytes failed: Only part of a ReadProcessMemory or WriteProcessMemory request was completed. (0x12B)
[0327/222654.764:ERROR:process_memory_win.cc(73)] ReadMemory at 0x171c50f6be0 of 62 bytes failed: Only part of a ReadProcessMemory or WriteProcessMemory request was completed. (0x12B)
[0327/222654.764:ERROR:process_memory_win.cc(73)] ReadMemory at 0x171c50f6c30 of 132 bytes failed: Only part of a ReadProcessMemory or WriteProcessMemory request was completed. (0x12B)
[0327/222654.764:ERROR:process_memory_win.cc(73)] ReadMemory at 0x171c50f6dd0 of 132 bytes failed: Only part of a ReadProcessMemory or WriteProcessMemory request was completed. (0x12B)
[0327/222654.764:ERROR:process_memory_win.cc(73)] ReadMemory at 0x171c50f6f00 of 60 bytes failed: Only part of a ReadProcessMemory or WriteProcessMemory request was completed. (0x12B)
[0327/222654.764:ERROR:process_memory_win.cc(73)] ReadMemory at 0x171c50f9490 of 132 bytes failed: Only part of a ReadProcessMemory or WriteProcessMemory request was completed. (0x12B)
[0327/222654.764:ERROR:process_memory_win.cc(73)] ReadMemory at 0x171c50fa6f0 of 132 bytes failed: Only part of a ReadProcessMemory or WriteProcessMemory request was completed. (0x12B)
[0327/222654.764:ERROR:process_memory_win.cc(73)] ReadMemory at 0x171c50fa880 of 80 bytes failed: Only part of a ReadProcessMemory or WriteProcessMemory request was completed. (0x12B)
[0327/222654.764:ERROR:process_memory_win.cc(73)] ReadMemory at 0x171c50fa9f0 of 60 bytes failed: Only part of a ReadProcessMemory or WriteProcessMemory request was completed. (0x12B)
[0327/222654.768:ERROR:process_memory_win.cc(73)] ReadMemory at 0x171c50faa90 of 66 bytes failed: Only part of a ReadProcessMemory or WriteProcessMemory request was completed. (0x12B)
[0327/222654.768:ERROR:process_memory_win.cc(73)] ReadMemory at 0x171c50fac20 of 60 bytes failed: Only part of a ReadProcessMemory or WriteProcessMemory request was completed. (0x12B)
[0327/222654.860:ERROR:process_memory_win.cc(73)] ReadMemory at 0x171c50fac70 of 64 bytes failed: Only part of a ReadProcessMemory or WriteProcessMemory request was completed. (0x12B)
[0327/222654.860:ERROR:process_memory_win.cc(73)] ReadMemory at 0x171c50facc0 of 64 bytes failed: Only part of a ReadProcessMemory or WriteProcessMemory request was completed. (0x12B)
[0327/222654.860:ERROR:process_memory_win.cc(73)] ReadMemory at 0x171c50fad60 of 62 bytes failed: Only part of a ReadProcessMemory or WriteProcessMemory request was completed. (0x12B)
[0327/222654.860:ERROR:process_memory_win.cc(73)] ReadMemory at 0x171c50fadb0 of 64 bytes failed: Only part of a ReadProcessMemory or WriteProcessMemory request was completed. (0x12B)
[0327/222654.860:ERROR:process_memory_win.cc(73)] ReadMemory at 0x171c50fb080 of 62 bytes failed: Only part of a ReadProcessMemory or WriteProcessMemory request was completed. (0x12B)
[0327/222654.860:ERROR:process_memory_win.cc(73)] ReadMemory at 0x171c50fb0d0 of 64 bytes failed: Only part of a ReadProcessMemory or WriteProcessMemory request was completed. (0x12B)
[0327/222654.860:ERROR:process_memory_win.cc(73)] ReadMemory at 0x171c50fb1b0 of 132 bytes failed: Only part of a ReadProcessMemory or WriteProcessMemory request was completed. (0x12B)
[0327/222654.860:ERROR:process_memory_win.cc(73)] ReadMemory at 0x171c50fb2e0 of 132 bytes failed: Only part of a ReadProcessMemory or WriteProcessMemory request was completed. (0x12B)
[0327/222654.860:ERROR:process_memory_win.cc(73)] ReadMemory at 0x171c50fb410 of 132 bytes failed: Only part of a ReadProcessMemory or WriteProcessMemory request was completed. (0x12B)
[0327/222654.864:ERROR:process_memory_win.cc(73)] ReadMemory at 0x171c50fb540 of 132 bytes failed: Only part of a ReadProcessMemory or WriteProcessMemory request was completed. (0x12B)
[0327/222654.864:ERROR:process_memory_win.cc(73)] ReadMemory at 0x171c50fb670 of 132 bytes failed: Only part of a ReadProcessMemory or WriteProcessMemory request was completed. (0x12B)
[0327/222654.864:ERROR:process_memory_win.cc(73)] ReadMemory at 0x171c50fb7a0 of 132 bytes failed: Only part of a ReadProcessMemory or WriteProcessMemory request was completed. (0x12B)
[0327/222654.864:ERROR:process_memory_win.cc(73)] ReadMemory at 0x171c50fb8d0 of 132 bytes failed: Only part of a ReadProcessMemory or WriteProcessMemory request was completed. (0x12B)
[0327/222654.864:ERROR:process_memory_win.cc(73)] ReadMemory at 0x171c50fba00 of 132 bytes failed: Only part of a ReadProcessMemory or WriteProcessMemory request was completed. (0x12B)
[0327/222654.864:ERROR:process_memory_win.cc(73)] ReadMemory at 0x171c50fbb30 of 132 bytes failed: Only part of a ReadProcessMemory or WriteProcessMemory request was completed. (0x12B)
[0327/222654.864:ERROR:process_memory_win.cc(73)] ReadMemory at 0x171c50fbc60 of 132 bytes failed: Only part of a ReadProcessMemory or WriteProcessMemory request was completed. (0x12B)
[0327/222654.864:ERROR:process_memory_win.cc(73)] ReadMemory at 0x171c50fbd90 of 132 bytes failed: Only part of a ReadProcessMemory or WriteProcessMemory request was completed. (0x12B)
[0327/222654.864:ERROR:process_memory_win.cc(73)] ReadMemory at 0x171c50fbec0 of 132 bytes failed: Only part of a ReadProcessMemory or WriteProcessMemory request was completed. (0x12B)
[0327/222654.864:ERROR:process_memory_win.cc(73)] ReadMemory at 0x171c50fbff0 of 132 bytes failed: Only part of a ReadProcessMemory or WriteProcessMemory request was completed. (0x12B)
[0327/222654.864:ERROR:process_memory_win.cc(73)] ReadMemory at 0x171c50fdb70 of 54 bytes failed: Only part of a ReadProcessMemory or WriteProcessMemory request was completed. (0x12B)
[0327/222654.868:ERROR:process_memory_win.cc(73)] ReadMemory at 0x171c50fecb0 of 132 bytes failed: Only part of a ReadProcessMemory or WriteProcessMemory request was completed. (0x12B)
[0327/222654.868:ERROR:process_memory_win.cc(73)] ReadMemory at 0x171c50ff700 of 132 bytes failed: Only part of a ReadProcessMemory or WriteProcessMemory request was completed. (0x12B)
[0327/222654.868:ERROR:process_memory_win.cc(73)] ReadMemory at 0x171c5101400 of 132 bytes failed: Only part of a ReadProcessMemory or WriteProcessMemory request was completed. (0x12B)
[0327/222654.868:ERROR:process_memory_win.cc(73)] ReadMemory at 0x171c5101620 of 132 bytes failed: Only part of a ReadProcessMemory or WriteProcessMemory request was completed. (0x12B)
[0327/222654.868:ERROR:process_memory_win.cc(73)] ReadMemory at 0x171c51019b0 of 110 bytes failed: Only part of a ReadProcessMemory or WriteProcessMemory request was completed. (0x12B)
[0327/222654.868:ERROR:process_memory_win.cc(73)] ReadMemory at 0x171c5103440 of 132 bytes failed: Only part of a ReadProcessMemory or WriteProcessMemory request was completed. (0x12B)
[0327/222654.868:ERROR:process_memory_win.cc(73)] ReadMemory at 0x171c5103e60 of 132 bytes failed: Only part of a ReadProcessMemory or WriteProcessMemory request was completed. (0x12B)
[0327/222654.868:ERROR:process_memory_win.cc(73)] ReadMemory at 0x171c5104e70 of 78 bytes failed: Only part of a ReadProcessMemory or WriteProcessMemory request was completed. (0x12B)
[0327/222654.868:ERROR:process_memory_win.cc(73)] ReadMemory at 0x171c5104f30 of 80 bytes failed: Only part of a ReadProcessMemory or WriteProcessMemory request was completed. (0x12B)
[0327/222654.872:ERROR:process_memory_win.cc(73)] ReadMemory at 0x171c5105350 of 76 bytes failed: Only part of a ReadProcessMemory or WriteProcessMemory request was completed. (0x12B)
[0327/222654.872:ERROR:process_memory_win.cc(73)] ReadMemory at 0x171c51056d0 of 62 bytes failed: Only part of a ReadProcessMemory or WriteProcessMemory request was completed. (0x12B)
[0327/222654.872:ERROR:process_memory_win.cc(73)] ReadMemory at 0x171c5105860 of 62 bytes failed: Only part of a ReadProcessMemory or WriteProcessMemory request was completed. (0x12B)
[0327/222654.872:ERROR:process_memory_win.cc(73)] ReadMemory at 0x171c51058b0 of 60 bytes failed: Only part of a ReadProcessMemory or WriteProcessMemory request was completed. (0x12B)
[0327/222654.872:ERROR:process_memory_win.cc(73)] ReadMemory at 0x171c51059a0 of 58 bytes failed: Only part of a ReadProcessMemory or WriteProcessMemory request was completed. (0x12B)
[0327/222654.872:ERROR:process_memory_win.cc(73)] ReadMemory at 0x171c51059f0 of 60 bytes failed: Only part of a ReadProcessMemory or WriteProcessMemory request was completed. (0x12B)
[0327/222654.872:ERROR:process_memory_win.cc(73)] ReadMemory at 0x171c5105a40 of 62 bytes failed: Only part of a ReadProcessMemory or WriteProcessMemory request was completed. (0x12B)
[0327/222654.872:ERROR:process_memory_win.cc(73)] ReadMemory at 0x171c5105bd0 of 62 bytes failed: Only part of a ReadProcessMemory or WriteProcessMemory request was completed. (0x12B)
[0327/222654.872:ERROR:process_memory_win.cc(73)] ReadMemory at 0x171c5105cc0 of 64 bytes failed: Only part of a ReadProcessMemory or WriteProcessMemory request was completed. (0x12B)
[0327/222654.876:ERROR:process_memory_win.cc(73)] ReadMemory at 0x171c5105d10 of 58 bytes failed: Only part of a ReadProcessMemory or WriteProcessMemory request was completed. (0x12B)
[0327/222654.876:ERROR:process_memory_win.cc(73)] ReadMemory at 0x171c5105db0 of 64 bytes failed: Only part of a ReadProcessMemory or WriteProcessMemory request was completed. (0x12B)
[0327/222654.876:ERROR:process_memory_win.cc(73)] ReadMemory at 0x171c5105f40 of 64 bytes failed: Only part of a ReadProcessMemory or WriteProcessMemory request was completed. (0x12B)
[0327/222654.876:ERROR:process_memory_win.cc(73)] ReadMemory at 0x171c5105fe0 of 62 bytes failed: Only part of a ReadProcessMemory or WriteProcessMemory request was completed. (0x12B)
[0327/222654.876:ERROR:process_memory_win.cc(73)] ReadMemory at 0x171c5106080 of 60 bytes failed: Only part of a ReadProcessMemory or WriteProcessMemory request was completed. (0x12B)
[0327/222654.876:ERROR:process_memory_win.cc(73)] ReadMemory at 0x171c5106120 of 66 bytes failed: Only part of a ReadProcessMemory or WriteProcessMemory request was completed. (0x12B)
[0327/222654.876:ERROR:process_memory_win.cc(73)] ReadMemory at 0x171c5106260 of 62 bytes failed: Only part of a ReadProcessMemory or WriteProcessMemory request was completed. (0x12B)
[0327/222654.876:ERROR:process_memory_win.cc(73)] ReadMemory at 0x171c5106300 of 60 bytes failed: Only part of a ReadProcessMemory or WriteProcessMemory request was completed. (0x12B)
[0327/222654.876:ERROR:process_memory_win.cc(73)] ReadMemory at 0x171c5106350 of 62 bytes failed: Only part of a ReadProcessMemory or WriteProcessMemory request was completed. (0x12B)
[0327/222654.880:ERROR:process_memory_win.cc(73)] ReadMemory at 0x171c51063a0 of 64 bytes failed: Only part of a ReadProcessMemory or WriteProcessMemory request was completed. (0x12B)
[0327/222654.880:ERROR:process_memory_win.cc(73)] ReadMemory at 0x171c5106440 of 62 bytes failed: Only part of a ReadProcessMemory or WriteProcessMemory request was completed. (0x12B)
[0327/222654.880:ERROR:process_memory_win.cc(73)] ReadMemory at 0x171c5106da0 of 132 bytes failed: Only part of a ReadProcessMemory or WriteProcessMemory request was completed. (0x12B)
[0327/222654.880:ERROR:process_memory_win.cc(73)] ReadMemory at 0x171c5106ed0 of 132 bytes failed: Only part of a ReadProcessMemory or WriteProcessMemory request was completed. (0x12B)
[0327/222654.880:ERROR:process_memory_win.cc(73)] ReadMemory at 0x171c5107000 of 132 bytes failed: Only part of a ReadProcessMemory or WriteProcessMemory request was completed. (0x12B)
[0327/222654.880:ERROR:process_memory_win.cc(73)] ReadMemory at 0x171c5107130 of 132 bytes failed: Only part of a ReadProcessMemory or WriteProcessMemory request was completed. (0x12B)
[0327/222654.880:ERROR:process_memory_win.cc(73)] ReadMemory at 0x171c5107260 of 132 bytes failed: Only part of a ReadProcessMemory or WriteProcessMemory request was completed. (0x12B)
[0327/222654.880:ERROR:process_memory_win.cc(73)] ReadMemory at 0x171c5107390 of 132 bytes failed: Only part of a ReadProcessMemory or WriteProcessMemory request was completed. (0x12B)
[0327/222654.880:ERROR:process_memory_win.cc(73)] ReadMemory at 0x171c51074c0 of 132 bytes failed: Only part of a ReadProcessMemory or WriteProcessMemory request was completed. (0x12B)
[0327/222654.880:ERROR:process_memory_win.cc(73)] ReadMemory at 0x171c51075f0 of 132 bytes failed: Only part of a ReadProcessMemory or WriteProcessMemory request was completed. (0x12B)
[0327/222654.884:ERROR:process_memory_win.cc(73)] ReadMemory at 0x171c5107720 of 132 bytes failed: Only part of a ReadProcessMemory or WriteProcessMemory request was completed. (0x12B)
[0327/222654.884:ERROR:process_memory_win.cc(73)] ReadMemory at 0x171c5107850 of 132 bytes failed: Only part of a ReadProcessMemory or WriteProcessMemory request was completed. (0x12B)
[0327/222654.884:ERROR:process_memory_win.cc(73)] ReadMemory at 0x171c5107980 of 132 bytes failed: Only part of a ReadProcessMemory or WriteProcessMemory request was completed. (0x12B)
[0327/222654.884:ERROR:process_memory_win.cc(73)] ReadMemory at 0x171c5107be0 of 132 bytes failed: Only part of a ReadProcessMemory or WriteProcessMemory request was completed. (0x12B)
[0327/222654.884:ERROR:process_memory_win.cc(73)] ReadMemory at 0x171c5107d10 of 132 bytes failed: Only part of a ReadProcessMemory or WriteProcessMemory request was completed. (0x12B)
[0327/222654.884:ERROR:process_memory_win.cc(73)] ReadMemory at 0x171c5107e40 of 132 bytes failed: Only part of a ReadProcessMemory or WriteProcessMemory request was completed. (0x12B)
[0327/222654.884:ERROR:process_memory_win.cc(73)] ReadMemory at 0x171c5107f70 of 132 bytes failed: Only part of a ReadProcessMemory or WriteProcessMemory request was completed. (0x12B)
[0327/222654.884:ERROR:process_memory_win.cc(73)] ReadMemory at 0x171c51080a0 of 132 bytes failed: Only part of a ReadProcessMemory or WriteProcessMemory request was completed. (0x12B)
[0327/222654.884:ERROR:process_memory_win.cc(73)] ReadMemory at 0x171c51081d0 of 132 bytes failed: Only part of a ReadProcessMemory or WriteProcessMemory request was completed. (0x12B)
[0327/222654.884:ERROR:process_memory_win.cc(73)] ReadMemory at 0x171c5108300 of 132 bytes failed: Only part of a ReadProcessMemory or WriteProcessMemory request was completed. (0x12B)
[0327/222654.888:ERROR:process_memory_win.cc(73)] ReadMemory at 0x171c5108430 of 132 bytes failed: Only part of a ReadProcessMemory or WriteProcessMemory request was completed. (0x12B)
[0327/222654.888:ERROR:process_memory_win.cc(73)] ReadMemory at 0x171c5108560 of 132 bytes failed: Only part of a ReadProcessMemory or WriteProcessMemory request was completed. (0x12B)
[0327/222654.888:ERROR:process_memory_win.cc(73)] ReadMemory at 0x171c5108690 of 132 bytes failed: Only part of a ReadProcessMemory or WriteProcessMemory request was completed. (0x12B)
[0327/222654.888:ERROR:process_memory_win.cc(73)] ReadMemory at 0x171c51087c0 of 132 bytes failed: Only part of a ReadProcessMemory or WriteProcessMemory request was completed. (0x12B)
[0327/222654.888:ERROR:process_memory_win.cc(73)] ReadMemory at 0x171c51088f0 of 132 bytes failed: Only part of a ReadProcessMemory or WriteProcessMemory request was completed. (0x12B)
[0327/222654.888:ERROR:process_memory_win.cc(73)] ReadMemory at 0x171c5108a20 of 132 bytes failed: Only part of a ReadProcessMemory or WriteProcessMemory request was completed. (0x12B)
[0327/222654.888:ERROR:process_memory_win.cc(73)] ReadMemory at 0x171c5108b50 of 132 bytes failed: Only part of a ReadProcessMemory or WriteProcessMemory request was completed. (0x12B)
[0327/222654.888:ERROR:process_memory_win.cc(73)] ReadMemory at 0x171c510bc10 of 246 bytes failed: Only part of a ReadProcessMemory or WriteProcessMemory request was completed. (0x12B)
[0327/222654.892:ERROR:process_memory_win.cc(73)] ReadMemory at 0x171c511d430 of 60 bytes failed: Only part of a ReadProcessMemory or WriteProcessMemory request was completed. (0x12B)
[0327/222654.892:ERROR:process_memory_win.cc(73)] ReadMemory at 0x171c511d480 of 58 bytes failed: Only part of a ReadProcessMemory or WriteProcessMemory request was completed. (0x12B)
[0327/222654.892:ERROR:process_memory_win.cc(73)] ReadMemory at 0x171c511d4d0 of 58 bytes failed: Only part of a ReadProcessMemory or WriteProcessMemory request was completed. (0x12B)
[0327/222654.892:ERROR:process_memory_win.cc(73)] ReadMemory at 0x171c511d6b0 of 62 bytes failed: Only part of a ReadProcessMemory or WriteProcessMemory request was completed. (0x12B)
[0327/222654.892:ERROR:process_memory_win.cc(73)] ReadMemory at 0x171c511d890 of 66 bytes failed: Only part of a ReadProcessMemory or WriteProcessMemory request was completed. (0x12B)
[0327/222654.892:ERROR:process_memory_win.cc(73)] ReadMemory at 0x171c511d980 of 64 bytes failed: Only part of a ReadProcessMemory or WriteProcessMemory request was completed. (0x12B)
[0327/222654.892:ERROR:process_memory_win.cc(73)] ReadMemory at 0x171c511db60 of 60 bytes failed: Only part of a ReadProcessMemory or WriteProcessMemory request was completed. (0x12B)
[0327/222654.892:ERROR:process_memory_win.cc(73)] ReadMemory at 0x171c511dbb0 of 58 bytes failed: Only part of a ReadProcessMemory or WriteProcessMemory request was completed. (0x12B)
[0327/222654.892:ERROR:process_memory_win.cc(73)] ReadMemory at 0x171c511dca0 of 62 bytes failed: Only part of a ReadProcessMemory or WriteProcessMemory request was completed. (0x12B)
[0327/222654.896:ERROR:process_memory_win.cc(73)] ReadMemory at 0x171c511dcf0 of 60 bytes failed: Only part of a ReadProcessMemory or WriteProcessMemory request was completed. (0x12B)
[0327/222654.896:ERROR:process_memory_win.cc(73)] ReadMemory at 0x171c511ded0 of 64 bytes failed: Only part of a ReadProcessMemory or WriteProcessMemory request was completed. (0x12B)
[0327/222654.896:ERROR:process_memory_win.cc(73)] ReadMemory at 0x171c511df20 of 62 bytes failed: Only part of a ReadProcessMemory or WriteProcessMemory request was completed. (0x12B)
[0327/222654.896:ERROR:process_memory_win.cc(73)] ReadMemory at 0x171c511df70 of 62 bytes failed: Only part of a ReadProcessMemory or WriteProcessMemory request was completed. (0x12B)
[0327/222654.896:ERROR:process_memory_win.cc(73)] ReadMemory at 0x171c511e0b0 of 62 bytes failed: Only part of a ReadProcessMemory or WriteProcessMemory request was completed. (0x12B)
[0327/222654.896:ERROR:process_memory_win.cc(73)] ReadMemory at 0x171c511e1f0 of 60 bytes failed: Only part of a ReadProcessMemory or WriteProcessMemory request was completed. (0x12B)
[0327/222654.896:ERROR:process_memory_win.cc(73)] ReadMemory at 0x171c5122ad0 of 132 bytes failed: Only part of a ReadProcessMemory or WriteProcessMemory request was completed. (0x12B)
[0327/222654.896:ERROR:process_memory_win.cc(73)] ReadMemory at 0x171c5122c00 of 132 bytes failed: Only part of a ReadProcessMemory or WriteProcessMemory request was completed. (0x12B)
[0327/222654.896:ERROR:process_memory_win.cc(73)] ReadMemory at 0x171c5122d30 of 132 bytes failed: Only part of a ReadProcessMemory or WriteProcessMemory request was completed. (0x12B)
[0327/222654.896:ERROR:process_memory_win.cc(73)] ReadMemory at 0x171c51230c0 of 132 bytes failed: Only part of a ReadProcessMemory or WriteProcessMemory request was completed. (0x12B)
[0327/222654.900:ERROR:process_memory_win.cc(73)] ReadMemory at 0x171c51231f0 of 132 bytes failed: Only part of a ReadProcessMemory or WriteProcessMemory request was completed. (0x12B)
[0327/222654.900:ERROR:process_memory_win.cc(73)] ReadMemory at 0x171c51236b0 of 132 bytes failed: Only part of a ReadProcessMemory or WriteProcessMemory request was completed. (0x12B)
[0327/222654.900:ERROR:process_memory_win.cc(73)] ReadMemory at 0x171c51237e0 of 132 bytes failed: Only part of a ReadProcessMemory or WriteProcessMemory request was completed. (0x12B)
[0327/222654.900:ERROR:process_memory_win.cc(73)] ReadMemory at 0x171c5123a40 of 132 bytes failed: Only part of a ReadProcessMemory or WriteProcessMemory request was completed. (0x12B)
[0327/222654.900:ERROR:process_memory_win.cc(73)] ReadMemory at 0x171c5123ca0 of 132 bytes failed: Only part of a ReadProcessMemory or WriteProcessMemory request was completed. (0x12B)
[0327/222654.900:ERROR:process_memory_win.cc(73)] ReadMemory at 0x171c5123dd0 of 132 bytes failed: Only part of a ReadProcessMemory or WriteProcessMemory request was completed. (0x12B)
[0327/222654.900:ERROR:process_memory_win.cc(73)] ReadMemory at 0x171c5123f00 of 132 bytes failed: Only part of a ReadProcessMemory or WriteProcessMemory request was completed. (0x12B)
[0327/222654.900:ERROR:process_memory_win.cc(73)] ReadMemory at 0x171c51244f0 of 132 bytes failed: Only part of a ReadProcessMemory or WriteProcessMemory request was completed. (0x12B)
[0327/222654.900:ERROR:process_memory_win.cc(73)] ReadMemory at 0x171c5124620 of 132 bytes failed: Only part of a ReadProcessMemory or WriteProcessMemory request was completed. (0x12B)
[0327/222654.904:ERROR:process_memory_win.cc(73)] ReadMemory at 0x171c5124750 of 132 bytes failed: Only part of a ReadProcessMemory or WriteProcessMemory request was completed. (0x12B)
[0327/222654.904:ERROR:process_memory_win.cc(73)] ReadMemory at 0x171c5124880 of 132 bytes failed: Only part of a ReadProcessMemory or WriteProcessMemory request was completed. (0x12B)
[0327/222654.904:ERROR:process_memory_win.cc(73)] ReadMemory at 0x171c5124d30 of 228 bytes failed: Only part of a ReadProcessMemory or WriteProcessMemory request was completed. (0x12B)
[0327/222654.904:ERROR:process_memory_win.cc(73)] ReadMemory at 0x171c5128880 of 66 bytes failed: Only part of a ReadProcessMemory or WriteProcessMemory request was completed. (0x12B)
[0327/222654.904:ERROR:process_memory_win.cc(73)] ReadMemory at 0x171c5128ab0 of 64 bytes failed: Only part of a ReadProcessMemory or WriteProcessMemory request was completed. (0x12B)
[0327/222654.904:ERROR:process_memory_win.cc(73)] ReadMemory at 0x171c5128d80 of 60 bytes failed: Only part of a ReadProcessMemory or WriteProcessMemory request was completed. (0x12B)
[0327/222654.904:ERROR:process_memory_win.cc(73)] ReadMemory at 0x171c5128dd0 of 60 bytes failed: Only part of a ReadProcessMemory or WriteProcessMemory request was completed. (0x12B)
[0327/222654.904:ERROR:process_memory_win.cc(73)] ReadMemory at 0x171c5128e20 of 62 bytes failed: Only part of a ReadProcessMemory or WriteProcessMemory request was completed. (0x12B)
[0327/222654.904:ERROR:process_memory_win.cc(73)] ReadMemory at 0x171c5128e70 of 66 bytes failed: Only part of a ReadProcessMemory or WriteProcessMemory request was completed. (0x12B)
[0327/222654.908:ERROR:process_memory_win.cc(73)] ReadMemory at 0x171c5128ec0 of 62 bytes failed: Only part of a ReadProcessMemory or WriteProcessMemory request was completed. (0x12B)
[0327/222654.908:ERROR:process_memory_win.cc(73)] ReadMemory at 0x171c5128f10 of 64 bytes failed: Only part of a ReadProcessMemory or WriteProcessMemory request was completed. (0x12B)
[0327/222654.908:ERROR:process_memory_win.cc(73)] ReadMemory at 0x171c51488e0 of 60 bytes failed: Only part of a ReadProcessMemory or WriteProcessMemory request was completed. (0x12B)
[0327/222654.908:ERROR:process_memory_win.cc(73)] ReadMemory at 0x171c51c28c0 of 58 bytes failed: Only part of a ReadProcessMemory or WriteProcessMemory request was completed. (0x12B)
[0327/222654.908:ERROR:process_memory_win.cc(73)] ReadMemory at 0x171c8ae8160 of 64 bytes failed: Only part of a ReadProcessMemory or WriteProcessMemory request was completed. (0x12B)
[0327/222654.908:ERROR:process_memory_win.cc(73)] ReadMemory at 0x7ff9de4ca7d9 of 512 bytes failed: Only part of a ReadProcessMemory or WriteProcessMemory request was completed. (0x12B)
[0327/222654.908:ERROR:process_memory_win.cc(73)] ReadMemory at 0x7ff9de6fb720 of 512 bytes failed: Only part of a ReadProcessMemory or WriteProcessMemory request was completed. (0x12B)
[0327/222654.908:ERROR:process_memory_win.cc(73)] ReadMemory at 0x7ff9e149c6c4 of 512 bytes failed: Only part of a ReadProcessMemory or WriteProcessMemory request was completed. (0x12B)
[0327/222654.908:ERROR:process_memory_win.cc(73)] ReadMemory at 0x7ff9e152c428 of 18 bytes failed: Only part of a ReadProcessMemory or WriteProcessMemory request was completed. (0x12B)
[0327/222654.908:ERROR:process_memory_win.cc(73)] ReadMemory at 0x7ff9e155f4f8 of 40 bytes failed: Only part of a ReadProcessMemory or WriteProcessMemory request was completed. (0x12B)
[0327/222654.908:ERROR:process_memory_win.cc(73)] ReadMemory at 0x7ff9e155f978 of 48 bytes failed: Only part of a ReadProcessMemory or WriteProcessMemory request was completed. (0x12B)
[0327/222654.908:ERROR:process_memory_win.cc(73)] ReadMemory at 0x7ff9e15653c0 of 64 bytes failed: Only part of a ReadProcessMemory or WriteProcessMemory request was completed. (0x12B)
[0327/222654.912:ERROR:scoped_process_suspend.cc(40)] NtResumeProcess: An attempt was made to access an exiting process. (0xc000010a)
